0 info it worked if it ends with ok
1 verbose cli [ '/usr/local/Cellar/node/5.9.0/bin/node',
1 verbose cli   '/usr/local/bin/npm',
1 verbose cli   'run',
1 verbose cli   'deploy' ]
2 info using npm@3.10.8
3 info using node@v7.0.0
4 verbose run-script [ 'predeploy', 'deploy', 'postdeploy' ]
5 info lifecycle architect@1.0.0~predeploy: architect@1.0.0
6 silly lifecycle architect@1.0.0~predeploy: no script for predeploy, continuing
7 info lifecycle architect@1.0.0~deploy: architect@1.0.0
8 verbose lifecycle architect@1.0.0~deploy: unsafe-perm in lifecycle true
9 verbose lifecycle architect@1.0.0~deploy: PATH: /usr/local/lib/node_modules/npm/bin/node-gyp-bin:/opt/architect/node_modules/.bin:/usr/local/Cellar/node/5.9.0/bin:/Users/cvan/Downloads/google-cloud-sdk/bin:/Users/cvan/.cargo/bin:/usr/local/var/rbenv/shims:/usr/local/share/python:/Users/chris/bin/:/Users/chris/:/usr/local/bin/:/usr/local/sbin/:/usr/local/share/npm/bin:/usr/local/:/usr/local/Cellar/go/1.0.3/bin/:/Applications/Xcode.app/Contents/Developer/Platforms/MacOSX.platform/Developer/SDKs:/Users/cvan/.gem/ruby/1.8/bin:/Users/cvan/bin:/Users/cvan/bin/git-tools:/Users/cvan/dev/git-svn-clone-externals::/usr/local/bin:/usr/bin:/bin:/usr/sbin:/sbin:/usr/local/MacGPG2/bin:/usr/local/opt/android-sdk/tools:/usr/local/opt/android-sdk/platform-tools:/Users/cvan/.rvm/bin
10 verbose lifecycle architect@1.0.0~deploy: CWD: /opt/architect
11 silly lifecycle architect@1.0.0~deploy: Args: [ '-c', 'ghpages' ]
12 silly lifecycle architect@1.0.0~deploy: Returned: code: 1  signal: null
13 info lifecycle architect@1.0.0~deploy: Failed to exec deploy script
14 verbose stack Error: architect@1.0.0 deploy: `ghpages`
14 verbose stack Exit status 1
14 verbose stack     at EventEmitter.<anonymous> (/usr/local/lib/node_modules/npm/lib/utils/lifecycle.js:255:16)
14 verbose stack     at emitTwo (events.js:106:13)
14 verbose stack     at EventEmitter.emit (events.js:191:7)
14 verbose stack     at ChildProcess.<anonymous> (/usr/local/lib/node_modules/npm/lib/utils/spawn.js:40:14)
14 verbose stack     at emitTwo (events.js:106:13)
14 verbose stack     at ChildProcess.emit (events.js:191:7)
14 verbose stack     at maybeClose (internal/child_process.js:877:16)
14 verbose stack     at Process.ChildProcess._handle.onexit (internal/child_process.js:226:5)
15 verbose pkgid architect@1.0.0
16 verbose cwd /opt/architect
17 error Darwin 15.2.0
18 error argv "/usr/local/Cellar/node/5.9.0/bin/node" "/usr/local/bin/npm" "run" "deploy"
19 error node v7.0.0
20 error npm  v3.10.8
21 error code ELIFECYCLE
22 error architect@1.0.0 deploy: `ghpages`
22 error Exit status 1
23 error Failed at the architect@1.0.0 deploy script 'ghpages'.
23 error Make sure you have the latest version of node.js and npm installed.
23 error If you do, this is most likely a problem with the architect package,
23 error not with npm itself.
23 error Tell the author that this fails on your system:
23 error     ghpages
23 error You can get information on how to open an issue for this project with:
23 error     npm bugs architect
23 error Or if that isn't available, you can get their info via:
23 error     npm owner ls architect
23 error There is likely additional logging output above.
24 verbose exit [ 1, true ]
